<?xml version="1.0" encoding="UTF-8"?>
<testng-results ignored="0" total="1" passed="1" failed="0" skipped="0">
  <reporter-output>
  </reporter-output>
  <suite started-at="2023-07-13T09:04:01 PDT" name="testclass.NewTest" finished-at="2023-07-13T09:04:11 PDT" duration-ms="9801">
    <groups>
    </groups>
    <test started-at="2023-07-13T09:04:01 PDT" name="Command line test" finished-at="2023-07-13T09:04:11 PDT" duration-ms="9801">
      <class name="testclass.NewTest">
        <test-method is-config="true" signature="OpenBrowser()[pri:0, instance:testclass.NewTest@1ee807c6]" started-at="2023-07-13T09:04:01 PDT" name="OpenBrowser" finished-at="2023-07-13T09:04:09 PDT" duration-ms="7612" status="PASS">
          <reporter-output>
          </reporter-output>
        </test-method> <!-- OpenBrowser -->
        <test-method signature="getAllLinks()[pri:0, instance:testclass.NewTest@1ee807c6]" started-at="2023-07-13T09:04:09 PDT" name="getAllLinks" finished-at="2023-07-13T09:04:11 PDT" duration-ms="1922" status="PASS">
          <reporter-output>
          </reporter-output>
        </test-method> <!-- getAllLinks -->
        <test-method is-config="true" signature="closeBrowser()[pri:0, instance:testclass.NewTest@1ee807c6]" started-at="2023-07-13T09:04:11 PDT" name="closeBrowser" finished-at="2023-07-13T09:04:11 PDT" duration-ms="208" status="PASS">
          <reporter-output>
          </reporter-output>
        </test-method> <!-- closeBrowser -->
      </class> <!-- testclass.NewTest -->
    </test> <!-- Command line test -->
  </suite> <!-- testclass.NewTest -->
</testng-results>
